<?xml version="1.0" encoding="UTF-8"?>
<!-- Generated by org.testng.reporters.JUnitReportReporter -->
<testsuite hostname="DESKTOP-FEJP90C" failures="0" tests="1" name="testngExample.TestngExample" time="5.183" errors="0" timestamp="15 May 2021 14:53:12 GMT" skipped="0">
  <testcase classname="testngExample.TestngExample" name="afterloginverfication" time="5.183"/>
</testsuite> <!-- testngExample.TestngExample -->
