<?xml version="1.0" encoding="UTF-8"?>
<!-- Generated by org.testng.reporters.JUnitReportReporter -->
<testsuite hostname="DESKTOP-ACUQNDS" failures="0" tests="2" name="testngExample.Annotationorder" time="0.040" errors="0" timestamp="25 Jul 2021 12:04:29 GMT" skipped="0">
  <testcase classname="testngExample.Annotationorder" name="secondTestoneMethod" time="0.013"/>
  <testcase classname="testngExample.Annotationorder" name="FirstTestoneMethod" time="0.027"/>
</testsuite> <!-- testngExample.Annotationorder -->
