<?xml version="1.0" encoding="UTF-8"?>
<!-- Generated by org.testng.reporters.JUnitReportReporter -->
<testsuite hostname="DESKTOP-FEJP90C" failures="0" tests="1" name="readExcel.ReadExcelDataprovider" time="0.927" errors="0" timestamp="22 May 2021 16:12:06 GMT" skipped="0">
  <testcase classname="readExcel.ReadExcelDataprovider" name="getexceldata" time="0.927"/>
</testsuite> <!-- readExcel.ReadExcelDataprovider -->
