<?xml version="1.0" encoding="UTF-8"?>
<!-- Generated by org.testng.reporters.JUnitReportReporter -->
<testsuite hostname="DESKTOP-FEJP90C" failures="0" tests="2" name="testngExample.TestngParameter" time="0.022" errors="0" timestamp="29 May 2021 13:51:40 GMT" skipped="0">
  <testcase classname="testngExample.TestngParameter" name="firstprogram" time="0.019"/>
  <testcase classname="testngExample.TestngParameter" name="secondprogram" time="0.003"/>
</testsuite> <!-- testngExample.TestngParameter -->
